[2022-11-13 23:21:49,102] {taskinstance.py:1179} INFO - Dependencies all met for <TaskInstance: run_webscrapers.run-webscraper-bravern manual__2022-11-13T23:21:47.576489+00:00 [queued]>
[2022-11-13 23:21:49,136] {taskinstance.py:1179} INFO - Dependencies all met for <TaskInstance: run_webscrapers.run-webscraper-bravern manual__2022-11-13T23:21:47.576489+00:00 [queued]>
[2022-11-13 23:21:49,139] {taskinstance.py:1376} INFO - 
--------------------------------------------------------------------------------
[2022-11-13 23:21:49,146] {taskinstance.py:1377} INFO - Starting attempt 1 of 2
[2022-11-13 23:21:49,153] {taskinstance.py:1378} INFO - 
--------------------------------------------------------------------------------
[2022-11-13 23:21:49,177] {taskinstance.py:1397} INFO - Executing <Task(DockerOperator): run-webscraper-bravern> on 2022-11-13 23:21:47.576489+00:00
[2022-11-13 23:21:49,186] {standard_task_runner.py:52} INFO - Started process 4811 to run task
[2022-11-13 23:21:49,191] {standard_task_runner.py:79} INFO - Running: ['***', 'tasks', 'run', 'run_webscrapers', 'run-webscraper-bravern', 'manual__2022-11-13T23:21:47.576489+00:00', '--job-id', '7', '--raw', '--subdir', 'DAGS_FOLDER/run_webscraper.py', '--cfg-path', '/tmp/tmp6t2ipifi', '--error-file', '/tmp/tmpyyuq59my']
[2022-11-13 23:21:49,194] {standard_task_runner.py:80} INFO - Job 7: Subtask run-webscraper-bravern
[2022-11-13 23:21:49,330] {task_command.py:371} INFO - Running <TaskInstance: run_webscrapers.run-webscraper-bravern manual__2022-11-13T23:21:47.576489+00:00 [running]> on host b2897896724f
[2022-11-13 23:21:49,567] {taskinstance.py:1589} INFO - Exporting the following env vars:
AIRFLOW_CTX_DAG_OWNER=Airflow
AIRFLOW_CTX_DAG_ID=run_webscrapers
AIRFLOW_CTX_TASK_ID=run-webscraper-bravern
AIRFLOW_CTX_EXECUTION_DATE=2022-11-13T23:21:47.576489+00:00
AIRFLOW_CTX_TRY_NUMBER=1
AIRFLOW_CTX_DAG_RUN_ID=manual__2022-11-13T23:21:47.576489+00:00
[2022-11-13 23:21:49,755] {docker.py:248} INFO - Starting docker container from image domogordon/development:latest
[2022-11-13 23:21:49,805] {docker.py:258} WARNING - Using remote engine or docker-in-docker and mounting temporary volume from host is not supported. Falling back to `mount_tmp_dir=False` mode. You can set `mount_tmp_dir` parameter to False to disable mounting and remove the warning
[2022-11-13 23:22:28,085] {docker.py:310} INFO - BRAVERN
Running Webscraper!
Scraping: https://www.thebravernapts.com/floorplans
{'company': 'The Bravern', 'floorplan': 'B16 South', 'available': '2 Available', 'bedrooms': '2 Bed', 'baths': '2 Bath', 'size': '1,438 Sq. Ft.', 'rent': 'Starting at $4,835', 'deposit': 'Deposit: $1,000'}
{'id': 152, 'created_at': '2022-11-13T15:22:05.546445-08:00', 'updated_at': '2022-11-13T15:22:05.546573-08:00', 'company': 'The Bravern', 'date': '2022-11-13', 'floorplan': 'B16 South', 'available': '2 Available', 'bedrooms': '2 Bed', 'baths': '2 Bath', 'size': '1,438 Sq. Ft.', 'deposit': 'Deposit: $1,000', 'rent': 'Starting at $4,835'}
{'company': 'The Bravern', 'floorplan': 'B10 North', 'available': '2 Available', 'bedrooms': '2 Bed', 'baths': '2 Bath', 'size': '1,460 Sq. Ft.', 'rent': 'Starting at $4,205', 'deposit': 'Deposit: $1,000'}
{'id': 153, 'created_at': '2022-11-13T15:22:05.792865-08:00', 'updated_at': '2022-11-13T15:22:05.792914-08:00', 'company': 'The Bravern', 'date': '2022-11-13', 'floorplan': 'B10 North', 'available': '2 Available', 'bedrooms': '2 Bed', 'baths': '2 Bath', 'size': '1,460 Sq. Ft.', 'deposit': 'Deposit: $1,000', 'rent': 'Starting at $4,205'}
{'company': 'The Bravern', 'floorplan': 'A5 South', 'available': '1 Available', 'bedrooms': '1 Bed', 'baths': '1 Bath', 'size': '647 Sq. Ft.', 'rent': 'Starting at $2,965', 'deposit': 'Deposit: $500'}
{'id': 154, 'created_at': '2022-11-13T15:22:11.094346-08:00', 'updated_at': '2022-11-13T15:22:11.094423-08:00', 'company': 'The Bravern', 'date': '2022-11-13', 'floorplan': 'A5 South', 'available': '1 Available', 'bedrooms': '1 Bed', 'baths': '1 Bath', 'size': '647 Sq. Ft.', 'deposit': 'Deposit: $500', 'rent': 'Starting at $2,965'}
{'company': 'The Bravern', 'floorplan': 'A20 North', 'available': '1 Available', 'bedrooms': '1 Bed', 'baths': '1 Bath', 'size': '960 Sq. Ft.', 'rent': 'Starting at $3,925', 'deposit': 'Deposit: $500'}
{'id': 157, 'created_at': '2022-11-13T15:22:16.196987-08:00', 'updated_at': '2022-11-13T15:22:16.197030-08:00', 'company': 'The Bravern', 'date': '2022-11-13', 'floorplan': 'A20 North', 'available': '1 Available', 'bedrooms': '1 Bed', 'baths': '1 Bath', 'size': '960 Sq. Ft.', 'deposit': 'Deposit: $500', 'rent': 'Starting at $3,925'}
{'company': 'The Bravern', 'floorplan': 'A7 North', 'available': '1 Available', 'bedrooms': '1 Bed', 'baths': '1.5 Bath', 'size': '994 Sq. Ft.', 'rent': 'Starting at $3,535', 'deposit': 'Deposit: $500'}
{'id': 159, 'created_at': '2022-11-13T15:22:21.373089-08:00', 'updated_at': '2022-11-13T15:22:21.373301-08:00', 'company': 'The Bravern', 'date': '2022-11-13', 'floorplan': 'A7 North', 'available': '1 Available', 'bedrooms': '1 Bed', 'baths': '1.5 Bath', 'size': '994 Sq. Ft.', 'deposit': 'Deposit: $500', 'rent': 'Starting at $3,535'}
{'company': 'The Bravern', 'floorplan': 'A23 North', 'available': '1 Available', 'bedrooms': '1 Bed', 'baths': '1.5 Bath', 'size': '1,075 Sq. Ft.', 'rent': 'Starting at $3,855', 'deposit': 'Deposit: $500'}
{'id': 160, 'created_at': '2022-11-13T15:22:21.628575-08:00', 'updated_at': '2022-11-13T15:22:21.628610-08:00', 'company': 'The Bravern', 'date': '2022-11-13', 'floorplan': 'A23 North', 'available': '1 Available', 'bedrooms': '1 Bed', 'baths': '1.5 Bath', 'size': '1,075 Sq. Ft.', 'deposit': 'Deposit: $500', 'rent': 'Starting at $3,855'}
{'company': 'The Bravern', 'floorplan': 'A24 North', 'available': '1 Available', 'bedrooms': '1 Bed', 'baths': '1.5 Bath', 'size': '1,078 Sq. Ft.', 'rent': 'Starting at $3,805', 'deposit': 'Deposit: $500'}
{'id': 161, 'created_at': '2022-11-13T15:22:21.927118-08:00', 'updated_at': '2022-11-13T15:22:21.927234-08:00', 'company': 'The Bravern', 'date': '2022-11-13', 'floorplan': 'A24 North', 'available': '1 Available', 'bedrooms': '1 Bed', 'baths': '1.5 Bath', 'size': '1,078 Sq. Ft.', 'deposit': 'Deposit: $500', 'rent': 'Starting at $3,805'}
{'company': 'The Bravern', 'floorplan': 'A17 South', 'available': '1 Available', 'bedrooms': '1 Bed', 'baths': '1.5 Bath', 'size': '1,106 Sq. Ft.', 'rent': 'Starting at $3,920', 'deposit': 'Deposit: $500'}
{'id': 162, 'created_at': '2022-11-13T15:22:22.154664-08:00', 'updated_at': '2022-11-13T15:22:22.154709-08:00', 'company': 'The Bravern', 'date': '2022-11-13', 'floorplan': 'A17 South', 'available': '1 Available', 'bedrooms': '1 Bed', 'baths': '1.5 Bath', 'size': '1,106 Sq. Ft.', 'deposit': 'Deposit: $500', 'rent': 'Starting at $3,920'}
{'company': 'The Bravern', 'floorplan': 'B6 North', 'available': '1 Available', 'bedrooms': '2 Bed', 'baths': '2 Bath', 'size': '1,335 Sq. Ft.', 'rent': 'Starting at $4,310', 'deposit': 'Deposit: $1,000'}
{'id': 163, 'created_at': '2022-11-13T15:22:27.335990-08:00', 'updated_at': '2022-11-13T15:22:27.336113-08:00', 'company': 'The Bravern', 'date': '2022-11-13', 'floorplan': 'B6 North', 'available': '1 Available', 'bedrooms': '2 Bed', 'baths': '2 Bath', 'size': '1,335 Sq. Ft.', 'deposit': 'Deposit: $1,000', 'rent': 'Starting at $4,310'}
{'company': 'The Bravern', 'floorplan': 'B7 North', 'available': '1 Available', 'bedrooms': '2 Bed', 'baths': '2 Bath', 'size': '1,448 Sq. Ft.', 'rent': 'Starting at $4,385', 'deposit': 'Deposit: $1,000'}
{'id': 164, 'created_at': '2022-11-13T15:22:27.437705-08:00', 'updated_at': '2022-11-13T15:22:27.437740-08:00', 'company': 'The Bravern', 'date': '2022-11-13', 'floorplan': 'B7 North', 'available': '1 Available', 'bedrooms': '2 Bed', 'baths': '2 Bath', 'size': '1,448 Sq. Ft.', 'deposit': 'Deposit: $1,000', 'rent': 'Starting at $4,385'}
{'company': 'The Bravern', 'floorplan': 'B21 South', 'available': '1 Available', 'bedrooms': '2 Bed', 'baths': '2 Bath', 'size': '1,550 Sq. Ft.', 'rent': 'Starting at $4,885', 'deposit': 'Deposit: $1,000'}
{'id': 165, 'created_at': '2022-11-13T15:22:27.506651-08:00', 'updated_at': '2022-11-13T15:22:27.506690-08:00', 'company': 'The Bravern', 'date': '2022-11-13', 'floorplan': 'B21 South', 'available': '1 Available', 'bedrooms': '2 Bed', 'baths': '2 Bath', 'size': '1,550 Sq. Ft.', 'deposit': 'Deposit: $1,000', 'rent': 'Starting at $4,885'}
{'company': 'The Bravern', 'floorplan': 'B19 South', 'available': '1 Available', 'bedrooms': '2 Bed', 'baths': '2.5 Bath', 'size': '1,743 Sq. Ft.', 'rent': 'Starting at $5,740', 'deposit': 'Deposit: $1,000'}
{'id': 166, 'created_at': '2022-11-13T15:22:27.591829-08:00', 'updated_at': '2022-11-13T15:22:27.591866-08:00', 'company': 'The Bravern', 'date': '2022-11-13', 'floorplan': 'B19 South', 'available': '1 Available', 'bedrooms': '2 Bed', 'baths': '2.5 Bath', 'size': '1,743 Sq. Ft.', 'deposit': 'Deposit: $1,000', 'rent': 'Starting at $5,740'}
{'company': 'The Bravern', 'floorplan': 'B17 North', 'available': '1 Available', 'bedrooms': '2 Bed', 'baths': '2.5 Bath', 'size': '1,756 Sq. Ft.', 'rent': 'Starting at $5,210', 'deposit': 'Deposit: $1,000'}
{'id': 167, 'created_at': '2022-11-13T15:22:27.745815-08:00', 'updated_at': '2022-11-13T15:22:27.745897-08:00', 'company': 'The Bravern', 'date': '2022-11-13', 'floorplan': 'B17 North', 'available': '1 Available', 'bedrooms': '2 Bed', 'baths': '2.5 Bath', 'size': '1,756 Sq. Ft.', 'deposit': 'Deposit: $1,000', 'rent': 'Starting at $5,210'}
{'company': 'The Bravern', 'floorplan': 'B20 South', 'available': '1 Available', 'bedrooms': '2 Bed', 'baths': '2.5 Bath', 'size': '1,853 Sq. Ft.', 'rent': 'Starting at $5,335', 'deposit': 'Deposit: $1,000'}
{'id': 168, 'created_at': '2022-11-13T15:22:27.834346-08:00', 'updated_at': '2022-11-13T15:22:27.834432-08:00', 'company': 'The Bravern', 'date': '2022-11-13', 'floorplan': 'B20 South', 'available': '1 Available', 'bedrooms': '2 Bed', 'baths': '2.5 Bath', 'size': '1,853 Sq. Ft.', 'deposit': 'Deposit: $1,000', 'rent': 'Starting at $5,335'}
{'company': 'The Bravern', 'floorplan': 'B24 North', 'available': '1 Available', 'bedrooms': '2 Bed', 'baths': '2.5 Bath', 'size': '1,962 Sq. Ft.', 'rent': 'Starting at $6,035', 'deposit': 'Deposit: $1,000'}
[2022-11-13 23:22:44,633] {docker.py:310} INFO - {'id': 169, 'created_at': '2022-11-13T15:22:28.060786-08:00', 'updated_at': '2022-11-13T15:22:28.060831-08:00', 'company': 'The Bravern', 'date': '2022-11-13', 'floorplan': 'B24 North', 'available': '1 Available', 'bedrooms': '2 Bed', 'baths': '2.5 Bath', 'size': '1,962 Sq. Ft.', 'deposit': 'Deposit: $1,000', 'rent': 'Starting at $6,035'}
{'company': 'The Bravern', 'floorplan': 'South 3101 Penthouse', 'available': '1 Available', 'bedrooms': '3 Bed', 'baths': '3.5 Bath', 'size': '4,115 Sq. Ft.', 'rent': 'Starting at $18,999', 'deposit': 'Deposit: $5,000'}
{'id': 170, 'created_at': '2022-11-13T15:22:28.184213-08:00', 'updated_at': '2022-11-13T15:22:28.184248-08:00', 'company': 'The Bravern', 'date': '2022-11-13', 'floorplan': 'South 3101 Penthouse', 'available': '1 Available', 'bedrooms': '3 Bed', 'baths': '3.5 Bath', 'size': '4,115 Sq. Ft.', 'deposit': 'Deposit: $5,000', 'rent': 'Starting at $18,999'}
{'company': 'The Bravern', 'floorplan': 'S1 North', 'available': 'Inquire for details', 'bedrooms': 'Studio', 'baths': '1 Bath', 'size': '597 Sq. Ft.', 'rent': 'Call for details', 'deposit': 'Deposit: $500'}
{'id': 171, 'created_at': '2022-11-13T15:22:33.311865-08:00', 'updated_at': '2022-11-13T15:22:33.311940-08:00', 'company': 'The Bravern', 'date': '2022-11-13', 'floorplan': 'S1 North', 'available': 'Inquire for details', 'bedrooms': 'Studio', 'baths': '1 Bath', 'size': '597 Sq. Ft.', 'deposit': 'Deposit: $500', 'rent': 'Call for details'}
{'company': 'The Bravern', 'floorplan': 'A4 South', 'available': 'Inquire for details', 'bedrooms': '1 Bed', 'baths': '1 Bath', 'size': '613 Sq. Ft.', 'rent': 'Call for details', 'deposit': 'Deposit: $500'}
{'id': 172, 'created_at': '2022-11-13T15:22:33.426496-08:00', 'updated_at': '2022-11-13T15:22:33.426547-08:00', 'company': 'The Bravern', 'date': '2022-11-13', 'floorplan': 'A4 South', 'available': 'Inquire for details', 'bedrooms': '1 Bed', 'baths': '1 Bath', 'size': '613 Sq. Ft.', 'deposit': 'Deposit: $500', 'rent': 'Call for details'}
{'company': 'The Bravern', 'floorplan': 'A3 South', 'available': 'Inquire for details', 'bedrooms': '1 Bed', 'baths': '1 Bath', 'size': '632 Sq. Ft.', 'rent': 'Call for details', 'deposit': 'Deposit: $500'}
{'id': 173, 'created_at': '2022-11-13T15:22:33.543039-08:00', 'updated_at': '2022-11-13T15:22:33.543073-08:00', 'company': 'The Bravern', 'date': '2022-11-13', 'floorplan': 'A3 South', 'available': 'Inquire for details', 'bedrooms': '1 Bed', 'baths': '1 Bath', 'size': '632 Sq. Ft.', 'deposit': 'Deposit: $500', 'rent': 'Call for details'}
{'company': 'The Bravern', 'floorplan': 'S4 North', 'available': 'Inquire for details', 'bedrooms': 'Studio', 'baths': '1 Bath', 'size': '637 Sq. Ft.', 'rent': 'Call for details', 'deposit': 'Deposit: $500'}
{'id': 174, 'created_at': '2022-11-13T15:22:33.640154-08:00', 'updated_at': '2022-11-13T15:22:33.640188-08:00', 'company': 'The Bravern', 'date': '2022-11-13', 'floorplan': 'S4 North', 'available': 'Inquire for details', 'bedrooms': 'Studio', 'baths': '1 Bath', 'size': '637 Sq. Ft.', 'deposit': 'Deposit: $500', 'rent': 'Call for details'}
{'company': 'The Bravern', 'floorplan': 'S5 North', 'available': 'Inquire for details', 'bedrooms': 'Studio', 'baths': '1 Bath', 'size': '649 Sq. Ft.', 'rent': 'Call for details', 'deposit': 'Deposit: $500'}
{'id': 175, 'created_at': '2022-11-13T15:22:33.756952-08:00', 'updated_at': '2022-11-13T15:22:33.756990-08:00', 'company': 'The Bravern', 'date': '2022-11-13', 'floorplan': 'S5 North', 'available': 'Inquire for details', 'bedrooms': 'Studio', 'baths': '1 Bath', 'size': '649 Sq. Ft.', 'deposit': 'Deposit: $500', 'rent': 'Call for details'}
{'company': 'The Bravern', 'floorplan': 'S3 North', 'available': 'Inquire for details', 'bedrooms': 'Studio', 'baths': '1 Bath', 'size': '653 Sq. Ft.', 'rent': 'Call for details', 'deposit': 'Deposit: $500'}
{'id': 176, 'created_at': '2022-11-13T15:22:33.849988-08:00', 'updated_at': '2022-11-13T15:22:33.850025-08:00', 'company': 'The Bravern', 'date': '2022-11-13', 'floorplan': 'S3 North', 'available': 'Inquire for details', 'bedrooms': 'Studio', 'baths': '1 Bath', 'size': '653 Sq. Ft.', 'deposit': 'Deposit: $500', 'rent': 'Call for details'}
{'company': 'The Bravern', 'floorplan': 'S2 North', 'available': 'Inquire for details', 'bedrooms': 'Studio', 'baths': '1 Bath', 'size': '665 Sq. Ft.', 'rent': 'Call for details', 'deposit': 'Deposit: $500'}
{'id': 177, 'created_at': '2022-11-13T15:22:33.939647-08:00', 'updated_at': '2022-11-13T15:22:33.939679-08:00', 'company': 'The Bravern', 'date': '2022-11-13', 'floorplan': 'S2 North', 'available': 'Inquire for details', 'bedrooms': 'Studio', 'baths': '1 Bath', 'size': '665 Sq. Ft.', 'deposit': 'Deposit: $500', 'rent': 'Call for details'}
{'company': 'The Bravern', 'floorplan': 'S7 North', 'available': 'Inquire for details', 'bedrooms': 'Studio', 'baths': '1 Bath', 'size': '667 Sq. Ft.', 'rent': 'Call for details', 'deposit': 'Deposit: $500'}
{'id': 178, 'created_at': '2022-11-13T15:22:34.015599-08:00', 'updated_at': '2022-11-13T15:22:34.015635-08:00', 'company': 'The Bravern', 'date': '2022-11-13', 'floorplan': 'S7 North', 'available': 'Inquire for details', 'bedrooms': 'Studio', 'baths': '1 Bath', 'size': '667 Sq. Ft.', 'deposit': 'Deposit: $500', 'rent': 'Call for details'}
{'company': 'The Bravern', 'floorplan': 'S14 South', 'available': 'Inquire for details', 'bedrooms': 'Studio', 'baths': '1 Bath', 'size': '679 Sq. Ft.', 'rent': 'Call for details', 'deposit': 'Deposit: $500'}
{'id': 179, 'created_at': '2022-11-13T15:22:39.103900-08:00', 'updated_at': '2022-11-13T15:22:39.104050-08:00', 'company': 'The Bravern', 'date': '2022-11-13', 'floorplan': 'S14 South', 'available': 'Inquire for details', 'bedrooms': 'Studio', 'baths': '1 Bath', 'size': '679 Sq. Ft.', 'deposit': 'Deposit: $500', 'rent': 'Call for details'}
{'company': 'The Bravern', 'floorplan': 'S6 North', 'available': 'Inquire for details', 'bedrooms': 'Studio', 'baths': '1 Bath', 'size': '745 Sq. Ft.', 'rent': 'Call for details', 'deposit': 'Deposit: $500'}
{'id': 180, 'created_at': '2022-11-13T15:22:44.207993-08:00', 'updated_at': '2022-11-13T15:22:44.208033-08:00', 'company': 'The Bravern', 'date': '2022-11-13', 'floorplan': 'S6 North', 'available': 'Inquire for details', 'bedrooms': 'Studio', 'baths': '1 Bath', 'size': '745 Sq. Ft.', 'deposit': 'Deposit: $500', 'rent': 'Call for details'}
{'company': 'The Bravern', 'floorplan': 'S12 South', 'available': 'Inquire for details', 'bedrooms': 'Studio', 'baths': '1 Bath', 'size': '750 Sq. Ft.', 'rent': 'Call for details', 'deposit': 'Deposit: $500'}
{'id': 181, 'created_at': '2022-11-13T15:22:44.287012-08:00', 'updated_at': '2022-11-13T15:22:44.287054-08:00', 'company': 'The Bravern', 'date': '2022-11-13', 'floorplan': 'S12 South', 'available': 'Inquire for details', 'bedrooms': 'Studio', 'baths': '1 Bath', 'size': '750 Sq. Ft.', 'deposit': 'Deposit: $500', 'rent': 'Call for details'}
{'company': 'The Bravern', 'floorplan': 'S9 South', 'available': 'Inquire for details', 'bedrooms': 'Studio', 'baths': '1 Bath', 'size': '752 Sq. Ft.', 'rent': 'Call for details', 'deposit': 'Deposit: $500'}
{'id': 182, 'created_at': '2022-11-13T15:22:44.394418-08:00', 'updated_at': '2022-11-13T15:22:44.394451-08:00', 'company': 'The Bravern', 'date': '2022-11-13', 'floorplan': 'S9 South', 'available': 'Inquire for details', 'bedrooms': 'Studio', 'baths': '1 Bath', 'size': '752 Sq. Ft.', 'deposit': 'Deposit: $500', 'rent': 'Call for details'}
{'company': 'The Bravern', 'floorplan': 'A28 North', 'available': 'Inquire for details', 'bedrooms': '1 Bed', 'baths': '1 Bath', 'size': '762 Sq. Ft.', 'rent': 'Call for details', 'deposit': 'Deposit: $500'}
{'id': 183, 'created_at': '2022-11-13T15:22:44.505005-08:00', 'updated_at': '2022-11-13T15:22:44.505043-08:00', 'company': 'The Bravern', 'date': '2022-11-13', 'floorplan': 'A28 North', 'available': 'Inquire for details', 'bedrooms': '1 Bed', 'baths': '1 Bath', 'size': '762 Sq. Ft.', 'deposit': 'Deposit: $500', 'rent': 'Call for details'}
[2022-11-13 23:23:16,433] {docker.py:310} INFO - {'company': 'The Bravern', 'floorplan': 'A1 North', 'available': 'Inquire for details', 'bedrooms': '1 Bed', 'baths': '1 Bath', 'size': '830 Sq. Ft.', 'rent': 'Call for details', 'deposit': 'Deposit: $500'}
{'id': 184, 'created_at': '2022-11-13T15:22:44.820858-08:00', 'updated_at': '2022-11-13T15:22:44.820996-08:00', 'company': 'The Bravern', 'date': '2022-11-13', 'floorplan': 'A1 North', 'available': 'Inquire for details', 'bedrooms': '1 Bed', 'baths': '1 Bath', 'size': '830 Sq. Ft.', 'deposit': 'Deposit: $500', 'rent': 'Call for details'}
{'company': 'The Bravern', 'floorplan': 'S11 South', 'available': 'Inquire for details', 'bedrooms': 'Studio', 'baths': '1 Bath', 'size': '830 Sq. Ft.', 'rent': 'Call for details', 'deposit': 'Deposit: $500'}
{'id': 185, 'created_at': '2022-11-13T15:22:45.146721-08:00', 'updated_at': '2022-11-13T15:22:45.146790-08:00', 'company': 'The Bravern', 'date': '2022-11-13', 'floorplan': 'S11 South', 'available': 'Inquire for details', 'bedrooms': 'Studio', 'baths': '1 Bath', 'size': '830 Sq. Ft.', 'deposit': 'Deposit: $500', 'rent': 'Call for details'}
{'company': 'The Bravern', 'floorplan': 'S10 South', 'available': 'Inquire for details', 'bedrooms': 'Studio', 'baths': '1 Bath', 'size': '843 Sq. Ft.', 'rent': 'Call for details', 'deposit': 'Deposit: $500'}
{'id': 186, 'created_at': '2022-11-13T15:22:45.278184-08:00', 'updated_at': '2022-11-13T15:22:45.278223-08:00', 'company': 'The Bravern', 'date': '2022-11-13', 'floorplan': 'S10 South', 'available': 'Inquire for details', 'bedrooms': 'Studio', 'baths': '1 Bath', 'size': '843 Sq. Ft.', 'deposit': 'Deposit: $500', 'rent': 'Call for details'}
{'company': 'The Bravern', 'floorplan': 'A21 South', 'available': 'Inquire for details', 'bedrooms': '1 Bed', 'baths': '1 Bath', 'size': '846 Sq. Ft.', 'rent': 'Call for details', 'deposit': 'Deposit: $500'}
{'id': 187, 'created_at': '2022-11-13T15:22:50.395865-08:00', 'updated_at': '2022-11-13T15:22:50.395913-08:00', 'company': 'The Bravern', 'date': '2022-11-13', 'floorplan': 'A21 South', 'available': 'Inquire for details', 'bedrooms': '1 Bed', 'baths': '1 Bath', 'size': '846 Sq. Ft.', 'deposit': 'Deposit: $500', 'rent': 'Call for details'}
{'company': 'The Bravern', 'floorplan': 'S8 North', 'available': 'Inquire for details', 'bedrooms': 'Studio', 'baths': '1 Bath', 'size': '853 Sq. Ft.', 'rent': 'Call for details', 'deposit': 'Deposit: $500'}
{'id': 188, 'created_at': '2022-11-13T15:22:50.598923-08:00', 'updated_at': '2022-11-13T15:22:50.599069-08:00', 'company': 'The Bravern', 'date': '2022-11-13', 'floorplan': 'S8 North', 'available': 'Inquire for details', 'bedrooms': 'Studio', 'baths': '1 Bath', 'size': '853 Sq. Ft.', 'deposit': 'Deposit: $500', 'rent': 'Call for details'}
{'company': 'The Bravern', 'floorplan': 'A18 North', 'available': 'Inquire for details', 'bedrooms': '1 Bed', 'baths': '1 Bath', 'size': '865 Sq. Ft.', 'rent': 'Call for details', 'deposit': 'Deposit: $500'}
{'id': 190, 'created_at': '2022-11-13T15:22:55.772598-08:00', 'updated_at': '2022-11-13T15:22:55.772626-08:00', 'company': 'The Bravern', 'date': '2022-11-13', 'floorplan': 'A18 North', 'available': 'Inquire for details', 'bedrooms': '1 Bed', 'baths': '1 Bath', 'size': '865 Sq. Ft.', 'deposit': 'Deposit: $500', 'rent': 'Call for details'}
{'company': 'The Bravern', 'floorplan': 'S13 South', 'available': 'Inquire for details', 'bedrooms': 'Studio', 'baths': '1 Bath', 'size': '922 Sq. Ft.', 'rent': 'Call for details', 'deposit': 'Deposit: $500'}
{'id': 191, 'created_at': '2022-11-13T15:22:55.834882-08:00', 'updated_at': '2022-11-13T15:22:55.834908-08:00', 'company': 'The Bravern', 'date': '2022-11-13', 'floorplan': 'S13 South', 'available': 'Inquire for details', 'bedrooms': 'Studio', 'baths': '1 Bath', 'size': '922 Sq. Ft.', 'deposit': 'Deposit: $500', 'rent': 'Call for details'}
{'company': 'The Bravern', 'floorplan': 'A2 North', 'available': 'Inquire for details', 'bedrooms': '1 Bed', 'baths': '1 Bath', 'size': '938 Sq. Ft.', 'rent': 'Call for details', 'deposit': 'Deposit: $500'}
{'id': 197, 'created_at': '2022-11-13T15:23:00.904536-08:00', 'updated_at': '2022-11-13T15:23:00.904570-08:00', 'company': 'The Bravern', 'date': '2022-11-13', 'floorplan': 'A2 North', 'available': 'Inquire for details', 'bedrooms': '1 Bed', 'baths': '1 Bath', 'size': '938 Sq. Ft.', 'deposit': 'Deposit: $500', 'rent': 'Call for details'}
{'company': 'The Bravern', 'floorplan': 'A19 North', 'available': 'Inquire for details', 'bedrooms': '1 Bed', 'baths': '1 Bath', 'size': '951 Sq. Ft.', 'rent': 'Call for details', 'deposit': 'Deposit: $500'}
{'id': 199, 'created_at': '2022-11-13T15:23:05.983425-08:00', 'updated_at': '2022-11-13T15:23:05.983463-08:00', 'company': 'The Bravern', 'date': '2022-11-13', 'floorplan': 'A19 North', 'available': 'Inquire for details', 'bedrooms': '1 Bed', 'baths': '1 Bath', 'size': '951 Sq. Ft.', 'deposit': 'Deposit: $500', 'rent': 'Call for details'}
{'company': 'The Bravern', 'floorplan': 'A10 South', 'available': 'Inquire for details', 'bedrooms': '1 Bed', 'baths': '1.5 Bath', 'size': '969 Sq. Ft.', 'rent': 'Call for details', 'deposit': 'Deposit: $500'}
{'id': 200, 'created_at': '2022-11-13T15:23:06.045511-08:00', 'updated_at': '2022-11-13T15:23:06.045538-08:00', 'company': 'The Bravern', 'date': '2022-11-13', 'floorplan': 'A10 South', 'available': 'Inquire for details', 'bedrooms': '1 Bed', 'baths': '1.5 Bath', 'size': '969 Sq. Ft.', 'deposit': 'Deposit: $500', 'rent': 'Call for details'}
{'company': 'The Bravern', 'floorplan': 'A11 South', 'available': 'Inquire for details', 'bedrooms': '1 Bed', 'baths': '1.5 Bath', 'size': '990 Sq. Ft.', 'rent': 'Call for details', 'deposit': 'Deposit: $500'}
{'id': 205, 'created_at': '2022-11-13T15:23:11.109985-08:00', 'updated_at': '2022-11-13T15:23:11.110121-08:00', 'company': 'The Bravern', 'date': '2022-11-13', 'floorplan': 'A11 South', 'available': 'Inquire for details', 'bedrooms': '1 Bed', 'baths': '1.5 Bath', 'size': '990 Sq. Ft.', 'deposit': 'Deposit: $500', 'rent': 'Call for details'}
{'company': 'The Bravern', 'floorplan': 'A16 South', 'available': 'Inquire for details', 'bedrooms': '1 Bed', 'baths': '1.5 Bath', 'size': '1,000 Sq. Ft.', 'rent': 'Call for details', 'deposit': 'Deposit: $500'}
{'id': 206, 'created_at': '2022-11-13T15:23:11.191193-08:00', 'updated_at': '2022-11-13T15:23:11.191223-08:00', 'company': 'The Bravern', 'date': '2022-11-13', 'floorplan': 'A16 South', 'available': 'Inquire for details', 'bedrooms': '1 Bed', 'baths': '1.5 Bath', 'size': '1,000 Sq. Ft.', 'deposit': 'Deposit: $500', 'rent': 'Call for details'}
{'company': 'The Bravern', 'floorplan': 'A22 North', 'available': 'Inquire for details', 'bedrooms': '1 Bed', 'baths': '1.5 Bath', 'size': '1,041 Sq. Ft.', 'rent': 'Call for details', 'deposit': 'Deposit: $500'}
{'id': 213, 'created_at': '2022-11-13T15:23:16.261613-08:00', 'updated_at': '2022-11-13T15:23:16.261663-08:00', 'company': 'The Bravern', 'date': '2022-11-13', 'floorplan': 'A22 North', 'available': 'Inquire for details', 'bedrooms': '1 Bed', 'baths': '1.5 Bath', 'size': '1,041 Sq. Ft.', 'deposit': 'Deposit: $500', 'rent': 'Call for details'}
{'company': 'The Bravern', 'floorplan': 'A13 South', 'available': 'Inquire for details', 'bedrooms': '1 Bed', 'baths': '1.5 Bath', 'size': '1,042 Sq. Ft.', 'rent': 'Call for details', 'deposit': 'Deposit: $500'}
{'id': 214, 'created_at': '2022-11-13T15:23:16.367117-08:00', 'updated_at': '2022-11-13T15:23:16.367144-08:00', 'company': 'The Bravern', 'date': '2022-11-13', 'floorplan': 'A13 South', 'available': 'Inquire for details', 'bedrooms': '1 Bed', 'baths': '1.5 Bath', 'size': '1,042 Sq. Ft.', 'deposit': 'Deposit: $500', 'rent': 'Call for details'}
{'company': 'The Bravern', 'floorplan': 'A15 South', 'available': 'Inquire for details', 'bedrooms': '1 Bed', 'baths': '1.5 Bath', 'size': '1,046 Sq. Ft.', 'rent': 'Call for details', 'deposit': 'Deposit: $500'}
[2022-11-13 23:23:32,578] {docker.py:310} INFO - {'id': 215, 'created_at': '2022-11-13T15:23:16.422004-08:00', 'updated_at': '2022-11-13T15:23:16.422033-08:00', 'company': 'The Bravern', 'date': '2022-11-13', 'floorplan': 'A15 South', 'available': 'Inquire for details', 'bedrooms': '1 Bed', 'baths': '1.5 Bath', 'size': '1,046 Sq. Ft.', 'deposit': 'Deposit: $500', 'rent': 'Call for details'}
{'company': 'The Bravern', 'floorplan': 'A14 South', 'available': 'Inquire for details', 'bedrooms': '1 Bed', 'baths': '1.5 Bath', 'size': '1,101 Sq. Ft.', 'rent': 'Call for details', 'deposit': 'Deposit: $500'}
{'id': 216, 'created_at': '2022-11-13T15:23:16.477077-08:00', 'updated_at': '2022-11-13T15:23:16.477110-08:00', 'company': 'The Bravern', 'date': '2022-11-13', 'floorplan': 'A14 South', 'available': 'Inquire for details', 'bedrooms': '1 Bed', 'baths': '1.5 Bath', 'size': '1,101 Sq. Ft.', 'deposit': 'Deposit: $500', 'rent': 'Call for details'}
{'company': 'The Bravern', 'floorplan': 'A25 North', 'available': 'Inquire for details', 'bedrooms': '1 Bed', 'baths': '1.5 Bath', 'size': '1,101 Sq. Ft.', 'rent': 'Call for details', 'deposit': 'Deposit: $500'}
{'id': 217, 'created_at': '2022-11-13T15:23:16.532343-08:00', 'updated_at': '2022-11-13T15:23:16.532371-08:00', 'company': 'The Bravern', 'date': '2022-11-13', 'floorplan': 'A25 North', 'available': 'Inquire for details', 'bedrooms': '1 Bed', 'baths': '1.5 Bath', 'size': '1,101 Sq. Ft.', 'deposit': 'Deposit: $500', 'rent': 'Call for details'}
{'company': 'The Bravern', 'floorplan': 'A27 South', 'available': 'Inquire for details', 'bedrooms': '1 Bed', 'baths': '1.5 Bath', 'size': '1,113 Sq. Ft.', 'rent': 'Call for details', 'deposit': 'Deposit: $500'}
{'id': 218, 'created_at': '2022-11-13T15:23:16.588141-08:00', 'updated_at': '2022-11-13T15:23:16.588171-08:00', 'company': 'The Bravern', 'date': '2022-11-13', 'floorplan': 'A27 South', 'available': 'Inquire for details', 'bedrooms': '1 Bed', 'baths': '1.5 Bath', 'size': '1,113 Sq. Ft.', 'deposit': 'Deposit: $500', 'rent': 'Call for details'}
{'company': 'The Bravern', 'floorplan': 'A12 South', 'available': 'Inquire for details', 'bedrooms': '1 Bed', 'baths': '1.5 Bath', 'size': '1,154 Sq. Ft.', 'rent': 'Call for details', 'deposit': 'Deposit: $500'}
{'id': 219, 'created_at': '2022-11-13T15:23:16.650870-08:00', 'updated_at': '2022-11-13T15:23:16.650901-08:00', 'company': 'The Bravern', 'date': '2022-11-13', 'floorplan': 'A12 South', 'available': 'Inquire for details', 'bedrooms': '1 Bed', 'baths': '1.5 Bath', 'size': '1,154 Sq. Ft.', 'deposit': 'Deposit: $500', 'rent': 'Call for details'}
{'company': 'The Bravern', 'floorplan': 'A26 North', 'available': 'Inquire for details', 'bedrooms': '1 Bed', 'baths': '1.5 Bath', 'size': '1,203 Sq. Ft.', 'rent': 'Call for details', 'deposit': 'Deposit: $500'}
{'id': 220, 'created_at': '2022-11-13T15:23:16.712880-08:00', 'updated_at': '2022-11-13T15:23:16.712910-08:00', 'company': 'The Bravern', 'date': '2022-11-13', 'floorplan': 'A26 North', 'available': 'Inquire for details', 'bedrooms': '1 Bed', 'baths': '1.5 Bath', 'size': '1,203 Sq. Ft.', 'deposit': 'Deposit: $500', 'rent': 'Call for details'}
{'company': 'The Bravern', 'floorplan': 'B2 North', 'available': 'Inquire for details', 'bedrooms': '2 Bed', 'baths': '2 Bath', 'size': '1,222 Sq. Ft.', 'rent': 'Call for details', 'deposit': 'Deposit: $1,000'}
{'id': 221, 'created_at': '2022-11-13T15:23:16.770334-08:00', 'updated_at': '2022-11-13T15:23:16.770364-08:00', 'company': 'The Bravern', 'date': '2022-11-13', 'floorplan': 'B2 North', 'available': 'Inquire for details', 'bedrooms': '2 Bed', 'baths': '2 Bath', 'size': '1,222 Sq. Ft.', 'deposit': 'Deposit: $1,000', 'rent': 'Call for details'}
{'company': 'The Bravern', 'floorplan': 'B12 South', 'available': 'Inquire for details', 'bedrooms': '2 Bed', 'baths': '2 Bath', 'size': '1,242 Sq. Ft.', 'rent': 'Call for details', 'deposit': 'Deposit: $1,000'}
{'id': 222, 'created_at': '2022-11-13T15:23:16.838676-08:00', 'updated_at': '2022-11-13T15:23:16.838708-08:00', 'company': 'The Bravern', 'date': '2022-11-13', 'floorplan': 'B12 South', 'available': 'Inquire for details', 'bedrooms': '2 Bed', 'baths': '2 Bath', 'size': '1,242 Sq. Ft.', 'deposit': 'Deposit: $1,000', 'rent': 'Call for details'}
{'company': 'The Bravern', 'floorplan': 'B15 South', 'available': 'Inquire for details', 'bedrooms': '2 Bed', 'baths': '2 Bath', 'size': '1,300 Sq. Ft.', 'rent': 'Call for details', 'deposit': 'Deposit: $1,000'}
{'id': 223, 'created_at': '2022-11-13T15:23:16.892907-08:00', 'updated_at': '2022-11-13T15:23:16.892934-08:00', 'company': 'The Bravern', 'date': '2022-11-13', 'floorplan': 'B15 South', 'available': 'Inquire for details', 'bedrooms': '2 Bed', 'baths': '2 Bath', 'size': '1,300 Sq. Ft.', 'deposit': 'Deposit: $1,000', 'rent': 'Call for details'}
{'company': 'The Bravern', 'floorplan': 'A9 North', 'available': 'Inquire for details', 'bedrooms': '1 Bed', 'baths': '1.5 Bath', 'size': '1,300 Sq. Ft.', 'rent': 'Call for details', 'deposit': 'Deposit: $500'}
{'id': 227, 'created_at': '2022-11-13T15:23:21.969661-08:00', 'updated_at': '2022-11-13T15:23:21.969736-08:00', 'company': 'The Bravern', 'date': '2022-11-13', 'floorplan': 'A9 North', 'available': 'Inquire for details', 'bedrooms': '1 Bed', 'baths': '1.5 Bath', 'size': '1,300 Sq. Ft.', 'deposit': 'Deposit: $500', 'rent': 'Call for details'}
{'company': 'The Bravern', 'floorplan': 'B3 North', 'available': 'Inquire for details', 'bedrooms': '2 Bed', 'baths': '2 Bath', 'size': '1,376 Sq. Ft.', 'rent': 'Call for details', 'deposit': 'Deposit: $1,000'}
{'id': 228, 'created_at': '2022-11-13T15:23:22.134906-08:00', 'updated_at': '2022-11-13T15:23:22.135161-08:00', 'company': 'The Bravern', 'date': '2022-11-13', 'floorplan': 'B3 North', 'available': 'Inquire for details', 'bedrooms': '2 Bed', 'baths': '2 Bath', 'size': '1,376 Sq. Ft.', 'deposit': 'Deposit: $1,000', 'rent': 'Call for details'}
{'company': 'The Bravern', 'floorplan': 'B11 North', 'available': 'Inquire for details', 'bedrooms': '2 Bed', 'baths': '2 Bath', 'size': '1,423 Sq. Ft.', 'rent': 'Call for details', 'deposit': 'Deposit: $1,000'}
{'id': 229, 'created_at': '2022-11-13T15:23:22.254333-08:00', 'updated_at': '2022-11-13T15:23:22.254378-08:00', 'company': 'The Bravern', 'date': '2022-11-13', 'floorplan': 'B11 North', 'available': 'Inquire for details', 'bedrooms': '2 Bed', 'baths': '2 Bath', 'size': '1,423 Sq. Ft.', 'deposit': 'Deposit: $1,000', 'rent': 'Call for details'}
{'company': 'The Bravern', 'floorplan': 'B8 North', 'available': 'Inquire for details', 'bedrooms': '2 Bed', 'baths': '2 Bath', 'size': '1,487 Sq. Ft.', 'rent': 'Call for details', 'deposit': 'Deposit: $1,000'}
{'id': 230, 'created_at': '2022-11-13T15:23:22.334178-08:00', 'updated_at': '2022-11-13T15:23:22.334218-08:00', 'company': 'The Bravern', 'date': '2022-11-13', 'floorplan': 'B8 North', 'available': 'Inquire for details', 'bedrooms': '2 Bed', 'baths': '2 Bath', 'size': '1,487 Sq. Ft.', 'deposit': 'Deposit: $1,000', 'rent': 'Call for details'}
{'company': 'The Bravern', 'floorplan': 'B4 North', 'available': 'Inquire for details', 'bedrooms': '2 Bed', 'baths': '2 Bath', 'size': '1,528 Sq. Ft.', 'rent': 'Call for details', 'deposit': 'Deposit: $1,000'}
{'id': 231, 'created_at': '2022-11-13T15:23:27.414794-08:00', 'updated_at': '2022-11-13T15:23:27.414853-08:00', 'company': 'The Bravern', 'date': '2022-11-13', 'floorplan': 'B4 North', 'available': 'Inquire for details', 'bedrooms': '2 Bed', 'baths': '2 Bath', 'size': '1,528 Sq. Ft.', 'deposit': 'Deposit: $1,000', 'rent': 'Call for details'}
{'company': 'The Bravern', 'floorplan': 'B14 South', 'available': 'Inquire for details', 'bedrooms': '2 Bed', 'baths': '2 Bath', 'size': '1,550 Sq. Ft.', 'rent': 'Call for details', 'deposit': 'Deposit: $1,000'}
{'id': 232, 'created_at': '2022-11-13T15:23:32.529317-08:00', 'updated_at': '2022-11-13T15:23:32.529346-08:00', 'company': 'The Bravern', 'date': '2022-11-13', 'floorplan': 'B14 South', 'available': 'Inquire for details', 'bedrooms': '2 Bed', 'baths': '2 Bath', 'size': '1,550 Sq. Ft.', 'deposit': 'Deposit: $1,000', 'rent': 'Call for details'}
[2022-11-13 23:23:53,840] {docker.py:310} INFO - {'company': 'The Bravern', 'floorplan': 'B1 North', 'available': 'Inquire for details', 'bedrooms': '2 Bed', 'baths': '2 Bath', 'size': '1,579 Sq. Ft.', 'rent': 'Call for details', 'deposit': 'Deposit: $1,000'}
{'id': 233, 'created_at': '2022-11-13T15:23:37.611052-08:00', 'updated_at': '2022-11-13T15:23:37.611091-08:00', 'company': 'The Bravern', 'date': '2022-11-13', 'floorplan': 'B1 North', 'available': 'Inquire for details', 'bedrooms': '2 Bed', 'baths': '2 Bath', 'size': '1,579 Sq. Ft.', 'deposit': 'Deposit: $1,000', 'rent': 'Call for details'}
{'company': 'The Bravern', 'floorplan': 'B9 North', 'available': 'Inquire for details', 'bedrooms': '2 Bed', 'baths': '2 Bath', 'size': '1,600 Sq. Ft.', 'rent': 'Call for details', 'deposit': 'Deposit: $1,000'}
{'id': 234, 'created_at': '2022-11-13T15:23:37.675875-08:00', 'updated_at': '2022-11-13T15:23:37.675906-08:00', 'company': 'The Bravern', 'date': '2022-11-13', 'floorplan': 'B9 North', 'available': 'Inquire for details', 'bedrooms': '2 Bed', 'baths': '2 Bath', 'size': '1,600 Sq. Ft.', 'deposit': 'Deposit: $1,000', 'rent': 'Call for details'}
{'company': 'The Bravern', 'floorplan': 'B5 North', 'available': 'Inquire for details', 'bedrooms': '2 Bed', 'baths': '2 Bath', 'size': '1,640 Sq. Ft.', 'rent': 'Call for details', 'deposit': 'Deposit: $1,000'}
{'id': 235, 'created_at': '2022-11-13T15:23:42.736966-08:00', 'updated_at': '2022-11-13T15:23:42.737042-08:00', 'company': 'The Bravern', 'date': '2022-11-13', 'floorplan': 'B5 North', 'available': 'Inquire for details', 'bedrooms': '2 Bed', 'baths': '2 Bath', 'size': '1,640 Sq. Ft.', 'deposit': 'Deposit: $1,000', 'rent': 'Call for details'}
{'company': 'The Bravern', 'floorplan': 'B13 South', 'available': 'Inquire for details', 'bedrooms': '2 Bed', 'baths': '2 Bath', 'size': '1,644 Sq. Ft.', 'rent': 'Call for details', 'deposit': 'Deposit: $1,000'}
{'id': 236, 'created_at': '2022-11-13T15:23:42.798560-08:00', 'updated_at': '2022-11-13T15:23:42.798590-08:00', 'company': 'The Bravern', 'date': '2022-11-13', 'floorplan': 'B13 South', 'available': 'Inquire for details', 'bedrooms': '2 Bed', 'baths': '2 Bath', 'size': '1,644 Sq. Ft.', 'deposit': 'Deposit: $1,000', 'rent': 'Call for details'}
{'company': 'The Bravern', 'floorplan': 'B27 South', 'available': 'Inquire for details', 'bedrooms': '2 Bed', 'baths': '2.5 Bath', 'size': '1,934 Sq. Ft.', 'rent': 'Call for details', 'deposit': 'Deposit: $1,000'}
{'id': 237, 'created_at': '2022-11-13T15:23:42.876632-08:00', 'updated_at': '2022-11-13T15:23:42.876666-08:00', 'company': 'The Bravern', 'date': '2022-11-13', 'floorplan': 'B27 South', 'available': 'Inquire for details', 'bedrooms': '2 Bed', 'baths': '2.5 Bath', 'size': '1,934 Sq. Ft.', 'deposit': 'Deposit: $1,000', 'rent': 'Call for details'}
{'company': 'The Bravern', 'floorplan': 'B23 North', 'available': 'Inquire for details', 'bedrooms': '2 Bed', 'baths': '2.5 Bath', 'size': '1,998 Sq. Ft.', 'rent': 'Call for details', 'deposit': 'Deposit: $1,000'}
{'id': 238, 'created_at': '2022-11-13T15:23:42.950573-08:00', 'updated_at': '2022-11-13T15:23:42.950605-08:00', 'company': 'The Bravern', 'date': '2022-11-13', 'floorplan': 'B23 North', 'available': 'Inquire for details', 'bedrooms': '2 Bed', 'baths': '2.5 Bath', 'size': '1,998 Sq. Ft.', 'deposit': 'Deposit: $1,000', 'rent': 'Call for details'}
{'company': 'The Bravern', 'floorplan': 'B18 North', 'available': 'Inquire for details', 'bedrooms': '2 Bed', 'baths': '2.5 Bath', 'size': '2,066 Sq. Ft.', 'rent': 'Call for details', 'deposit': 'Deposit: $1,000'}
{'id': 239, 'created_at': '2022-11-13T15:23:48.034113-08:00', 'updated_at': '2022-11-13T15:23:48.034161-08:00', 'company': 'The Bravern', 'date': '2022-11-13', 'floorplan': 'B18 North', 'available': 'Inquire for details', 'bedrooms': '2 Bed', 'baths': '2.5 Bath', 'size': '2,066 Sq. Ft.', 'deposit': 'Deposit: $1,000', 'rent': 'Call for details'}
{'company': 'The Bravern', 'floorplan': 'B26 South', 'available': 'Inquire for details', 'bedrooms': '2 Bed', 'baths': '2.5 Bath', 'size': '2,067 Sq. Ft.', 'rent': 'Call for details', 'deposit': 'Deposit: $1,000'}
{'id': 240, 'created_at': '2022-11-13T15:23:48.150749-08:00', 'updated_at': '2022-11-13T15:23:48.150782-08:00', 'company': 'The Bravern', 'date': '2022-11-13', 'floorplan': 'B26 South', 'available': 'Inquire for details', 'bedrooms': '2 Bed', 'baths': '2.5 Bath', 'size': '2,067 Sq. Ft.', 'deposit': 'Deposit: $1,000', 'rent': 'Call for details'}
{'company': 'The Bravern', 'floorplan': 'B25 North', 'available': 'Inquire for details', 'bedrooms': '2 Bed', 'baths': '2.5 Bath', 'size': '2,141 Sq. Ft.', 'rent': 'Call for details', 'deposit': 'Deposit: $1,000'}
{'id': 241, 'created_at': '2022-11-13T15:23:48.237414-08:00', 'updated_at': '2022-11-13T15:23:48.237457-08:00', 'company': 'The Bravern', 'date': '2022-11-13', 'floorplan': 'B25 North', 'available': 'Inquire for details', 'bedrooms': '2 Bed', 'baths': '2.5 Bath', 'size': '2,141 Sq. Ft.', 'deposit': 'Deposit: $1,000', 'rent': 'Call for details'}
{'company': 'The Bravern', 'floorplan': 'B22 North', 'available': 'Inquire for details', 'bedrooms': '2 Bed', 'baths': '2.5 Bath', 'size': '2,156 Sq. Ft.', 'rent': 'Call for details', 'deposit': 'Deposit: $1,000'}
{'id': 242, 'created_at': '2022-11-13T15:23:48.381733-08:00', 'updated_at': '2022-11-13T15:23:48.381765-08:00', 'company': 'The Bravern', 'date': '2022-11-13', 'floorplan': 'B22 North', 'available': 'Inquire for details', 'bedrooms': '2 Bed', 'baths': '2.5 Bath', 'size': '2,156 Sq. Ft.', 'deposit': 'Deposit: $1,000', 'rent': 'Call for details'}
{'company': 'The Bravern', 'floorplan': 'South 3103 Penthouse', 'available': 'Inquire for details', 'bedrooms': '3 Bed', 'baths': '3.5 Bath', 'size': '3,013 Sq. Ft.', 'rent': 'Call for details', 'deposit': 'Deposit: $5,000'}
{'id': 243, 'created_at': '2022-11-13T15:23:48.524215-08:00', 'updated_at': '2022-11-13T15:23:48.524261-08:00', 'company': 'The Bravern', 'date': '2022-11-13', 'floorplan': 'South 3103 Penthouse', 'available': 'Inquire for details', 'bedrooms': '3 Bed', 'baths': '3.5 Bath', 'size': '3,013 Sq. Ft.', 'deposit': 'Deposit: $5,000', 'rent': 'Call for details'}
{'company': 'The Bravern', 'floorplan': 'South 3104 Penthouse', 'available': 'Inquire for details', 'bedrooms': '3 Bed', 'baths': '3.5 Bath', 'size': '3,480 Sq. Ft.', 'rent': 'Call for details', 'deposit': 'Deposit: $5,000'}
{'id': 244, 'created_at': '2022-11-13T15:23:48.609523-08:00', 'updated_at': '2022-11-13T15:23:48.609574-08:00', 'company': 'The Bravern', 'date': '2022-11-13', 'floorplan': 'South 3104 Penthouse', 'available': 'Inquire for details', 'bedrooms': '3 Bed', 'baths': '3.5 Bath', 'size': '3,480 Sq. Ft.', 'deposit': 'Deposit: $5,000', 'rent': 'Call for details'}
{'company': 'The Bravern', 'floorplan': 'South 3102 Penthouse', 'available': 'Inquire for details', 'bedrooms': '3 Bed', 'baths': '3.5 Bath', 'size': '3,665 Sq. Ft.', 'rent': 'Call for details', 'deposit': 'Deposit: $5,000'}
{'id': 245, 'created_at': '2022-11-13T15:23:53.691098-08:00', 'updated_at': '2022-11-13T15:23:53.691229-08:00', 'company': 'The Bravern', 'date': '2022-11-13', 'floorplan': 'South 3102 Penthouse', 'available': 'Inquire for details', 'bedrooms': '3 Bed', 'baths': '3.5 Bath', 'size': '3,665 Sq. Ft.', 'deposit': 'Deposit: $5,000', 'rent': 'Call for details'}
{'company': 'The Bravern', 'floorplan': 'North 3101 Penthouse', 'available': 'Inquire for details', 'bedrooms': '3 Bed', 'baths': '3.5 Bath', 'size': '3,922 Sq. Ft.', 'rent': 'Call for details', 'deposit': 'Deposit: $5,000'}
{'id': 246, 'created_at': '2022-11-13T15:23:53.767658-08:00', 'updated_at': '2022-11-13T15:23:53.767688-08:00', 'company': 'The Bravern', 'date': '2022-11-13', 'floorplan': 'North 3101 Penthouse', 'available': 'Inquire for details', 'bedrooms': '3 Bed', 'baths': '3.5 Bath', 'size': '3,922 Sq. Ft.', 'deposit': 'Deposit: $5,000', 'rent': 'Call for details'}
{'company': 'The Bravern', 'floorplan': 'North 3102 Penthouse', 'available': 'Inquire for details', 'bedrooms': '4 Bed', 'baths': '3.5 Bath', 'size': '4,207 Sq. Ft.', 'rent': 'Call for details', 'deposit': 'Deposit: $5,000'}
[2022-11-13 23:23:54,031] {docker.py:310} INFO - {'id': 247, 'created_at': '2022-11-13T15:23:53.829276-08:00', 'updated_at': '2022-11-13T15:23:53.829307-08:00', 'company': 'The Bravern', 'date': '2022-11-13', 'floorplan': 'North 3102 Penthouse', 'available': 'Inquire for details', 'bedrooms': '4 Bed', 'baths': '3.5 Bath', 'size': '4,207 Sq. Ft.', 'deposit': 'Deposit: $5,000', 'rent': 'Call for details'}
{'company': 'The Bravern', 'floorplan': 'North 3103 Penthouse', 'available': 'Inquire for details', 'bedrooms': '4 Bed', 'baths': '3.5 Bath', 'size': '4,796 Sq. Ft.', 'rent': 'Call for details', 'deposit': 'Deposit: $5,000'}
{'id': 248, 'created_at': '2022-11-13T15:23:53.890207-08:00', 'updated_at': '2022-11-13T15:23:53.890234-08:00', 'company': 'The Bravern', 'date': '2022-11-13', 'floorplan': 'North 3103 Penthouse', 'available': 'Inquire for details', 'bedrooms': '4 Bed', 'baths': '3.5 Bath', 'size': '4,796 Sq. Ft.', 'deposit': 'Deposit: $5,000', 'rent': 'Call for details'}
{'company': 'The Bravern', 'floorplan': 'South 3301 Penthouse', 'available': 'Inquire for details', 'bedrooms': '4 Bed', 'baths': '4.5 Bath', 'size': '5,796 Sq. Ft.', 'rent': 'Call for details', 'deposit': 'Deposit: $5,000'}
{'id': 249, 'created_at': '2022-11-13T15:23:53.946690-08:00', 'updated_at': '2022-11-13T15:23:53.946719-08:00', 'company': 'The Bravern', 'date': '2022-11-13', 'floorplan': 'South 3301 Penthouse', 'available': 'Inquire for details', 'bedrooms': '4 Bed', 'baths': '4.5 Bath', 'size': '5,796 Sq. Ft.', 'deposit': 'Deposit: $5,000', 'rent': 'Call for details'}
{'company': 'The Bravern', 'floorplan': 'North 3301 Penthouse', 'available': 'Inquire for details', 'bedrooms': '4 Bed', 'baths': '4.5 Bath', 'size': '5,898 Sq. Ft.', 'rent': 'Call for details', 'deposit': 'Deposit: $5,000'}
{'id': 250, 'created_at': '2022-11-13T15:23:54.018169-08:00', 'updated_at': '2022-11-13T15:23:54.018199-08:00', 'company': 'The Bravern', 'date': '2022-11-13', 'floorplan': 'North 3301 Penthouse', 'available': 'Inquire for details', 'bedrooms': '4 Bed', 'baths': '4.5 Bath', 'size': '5,898 Sq. Ft.', 'deposit': 'Deposit: $5,000', 'rent': 'Call for details'}
Scraping job completed!
[2022-11-13 23:23:54,381] {taskinstance.py:1415} INFO - Marking task as SUCCESS. dag_id=run_webscrapers, task_id=run-webscraper-bravern, execution_date=20221113T232147, start_date=20221113T232149, end_date=20221113T232354
[2022-11-13 23:23:54,444] {local_task_job.py:156} INFO - Task exited with return code 0
[2022-11-13 23:23:54,486] {local_task_job.py:273} INFO - 0 downstream tasks scheduled from follow-on schedule check
